2017-06-06 00:33:53,787 [INFO] from application in ForkJoinPool-1-worker-1 - Creating Pool for datasource 'default'
2017-06-06 00:33:54,093 [INFO] from play.api.db.DefaultDBApi in ForkJoinPool-1-worker-1 - Database [default] connected at jdbc:mysql://localhost:3306/playproject
2017-06-06 00:33:55,575 [INFO] from play.api.Play in ForkJoinPool-1-worker-1 - Application started (Dev)
2017-06-06 00:42:00,338 [INFO] from application in application-akka.actor.default-dispatcher-2 - Shutting down connection pool.
2017-06-06 00:42:00,585 [INFO] from application in application-akka.actor.default-dispatcher-2 - Creating Pool for datasource 'default'
2017-06-06 00:42:00,612 [INFO] from play.api.db.DefaultDBApi in application-akka.actor.default-dispatcher-2 - Database [default] connected at jdbc:mysql://localhost:3306/playproject
2017-06-06 00:42:00,978 [INFO] from play.api.Play in application-akka.actor.default-dispatcher-2 - Application started (Dev)
2017-06-06 00:44:12,397 [INFO] from application in application-akka.actor.default-dispatcher-2 - Shutting down connection pool.
2017-06-06 00:44:12,593 [INFO] from application in application-akka.actor.default-dispatcher-2 - Creating Pool for datasource 'default'
2017-06-06 00:44:12,620 [INFO] from play.api.db.DefaultDBApi in application-akka.actor.default-dispatcher-2 - Database [default] connected at jdbc:mysql://localhost:3306/playproject
2017-06-06 00:44:12,984 [INFO] from play.api.Play in application-akka.actor.default-dispatcher-2 - Application started (Dev)
2017-06-06 00:44:53,584 [INFO] from application in application-akka.actor.default-dispatcher-4 - Shutting down connection pool.
2017-06-06 00:44:53,769 [INFO] from application in application-akka.actor.default-dispatcher-4 - Creating Pool for datasource 'default'
2017-06-06 00:44:53,789 [INFO] from play.api.db.DefaultDBApi in application-akka.actor.default-dispatcher-4 - Database [default] connected at jdbc:mysql://localhost:3306/playproject
2017-06-06 00:44:54,156 [INFO] from play.api.Play in application-akka.actor.default-dispatcher-4 - Application started (Dev)
2017-06-06 00:50:23,625 [INFO] from application in application-akka.actor.default-dispatcher-4 - Shutting down connection pool.
2017-06-06 00:50:23,783 [INFO] from application in application-akka.actor.default-dispatcher-4 - Creating Pool for datasource 'default'
2017-06-06 00:50:23,832 [INFO] from play.api.db.DefaultDBApi in application-akka.actor.default-dispatcher-4 - Database [default] connected at jdbc:mysql://localhost:3306/playproject
2017-06-06 00:50:24,234 [INFO] from play.api.Play in application-akka.actor.default-dispatcher-4 - Application started (Dev)
2017-06-06 01:10:37,197 [INFO] from application in application-akka.actor.default-dispatcher-4 - Shutting down connection pool.
2017-06-06 01:10:37,347 [INFO] from application in application-akka.actor.default-dispatcher-4 - Creating Pool for datasource 'default'
2017-06-06 01:10:37,363 [INFO] from play.api.db.DefaultDBApi in application-akka.actor.default-dispatcher-4 - Database [default] connected at jdbc:mysql://localhost:3306/playproject
2017-06-06 01:10:37,683 [INFO] from play.api.Play in application-akka.actor.default-dispatcher-4 - Application started (Dev)
2017-06-06 01:11:07,463 [INFO] from application in application-akka.actor.default-dispatcher-8 - Shutting down connection pool.
2017-06-06 01:11:07,586 [INFO] from application in application-akka.actor.default-dispatcher-8 - Creating Pool for datasource 'default'
2017-06-06 01:11:07,623 [INFO] from play.api.db.DefaultDBApi in application-akka.actor.default-dispatcher-8 - Database [default] connected at jdbc:mysql://localhost:3306/playproject
2017-06-06 01:11:07,914 [INFO] from play.api.Play in application-akka.actor.default-dispatcher-8 - Application started (Dev)
2017-06-06 01:12:05,414 [INFO] from application in application-akka.actor.default-dispatcher-3 - Shutting down connection pool.
2017-06-06 01:12:05,530 [INFO] from application in application-akka.actor.default-dispatcher-3 - Creating Pool for datasource 'default'
2017-06-06 01:12:05,541 [INFO] from play.api.db.DefaultDBApi in application-akka.actor.default-dispatcher-3 - Database [default] connected at jdbc:mysql://localhost:3306/playproject
2017-06-06 01:12:05,772 [INFO] from play.api.Play in application-akka.actor.default-dispatcher-3 - Application started (Dev)
2017-06-06 01:27:38,588 [INFO] from application in application-akka.actor.default-dispatcher-8 - Shutting down connection pool.
2017-06-06 01:27:38,738 [INFO] from application in application-akka.actor.default-dispatcher-8 - Creating Pool for datasource 'default'
2017-06-06 01:27:38,751 [INFO] from play.api.db.DefaultDBApi in application-akka.actor.default-dispatcher-8 - Database [default] connected at jdbc:mysql://localhost:3306/playproject
2017-06-06 01:27:39,031 [INFO] from play.api.Play in application-akka.actor.default-dispatcher-8 - Application started (Dev)
2017-06-06 01:27:50,170 [INFO] from application in application-akka.actor.default-dispatcher-3 - Shutting down connection pool.
2017-06-06 01:27:50,310 [INFO] from application in application-akka.actor.default-dispatcher-3 - Creating Pool for datasource 'default'
2017-06-06 01:27:50,328 [INFO] from play.api.db.DefaultDBApi in application-akka.actor.default-dispatcher-3 - Database [default] connected at jdbc:mysql://localhost:3306/playproject
2017-06-06 01:27:50,575 [INFO] from play.api.Play in application-akka.actor.default-dispatcher-3 - Application started (Dev)
2017-06-06 01:28:30,948 [INFO] from application in application-akka.actor.default-dispatcher-2 - Shutting down connection pool.
2017-06-06 01:28:31,050 [INFO] from application in application-akka.actor.default-dispatcher-2 - Creating Pool for datasource 'default'
2017-06-06 01:28:31,063 [INFO] from play.api.db.DefaultDBApi in application-akka.actor.default-dispatcher-2 - Database [default] connected at jdbc:mysql://localhost:3306/playproject
2017-06-06 01:28:31,254 [INFO] from play.api.Play in application-akka.actor.default-dispatcher-2 - Application started (Dev)
2017-06-06 01:32:42,149 [INFO] from application in application-akka.actor.default-dispatcher-2 - Shutting down connection pool.
2017-06-06 01:32:42,270 [INFO] from application in application-akka.actor.default-dispatcher-2 - Creating Pool for datasource 'default'
2017-06-06 01:32:42,284 [INFO] from play.api.db.DefaultDBApi in application-akka.actor.default-dispatcher-2 - Database [default] connected at jdbc:mysql://localhost:3306/playproject
2017-06-06 01:32:42,510 [INFO] from play.api.Play in application-akka.actor.default-dispatcher-2 - Application started (Dev)
2017-06-06 01:42:25,077 [INFO] from application in application-akka.actor.default-dispatcher-6 - Shutting down connection pool.
2017-06-06 01:42:25,177 [INFO] from application in application-akka.actor.default-dispatcher-6 - Creating Pool for datasource 'default'
2017-06-06 01:42:25,188 [INFO] from play.api.db.DefaultDBApi in application-akka.actor.default-dispatcher-6 - Database [default] connected at jdbc:mysql://localhost:3306/playproject
2017-06-06 01:42:25,363 [INFO] from play.api.Play in application-akka.actor.default-dispatcher-6 - Application started (Dev)
2017-06-06 01:43:35,204 [INFO] from application in application-akka.actor.default-dispatcher-7 - Shutting down connection pool.
2017-06-06 01:43:35,304 [INFO] from application in application-akka.actor.default-dispatcher-7 - Creating Pool for datasource 'default'
2017-06-06 01:43:35,317 [INFO] from play.api.db.DefaultDBApi in application-akka.actor.default-dispatcher-7 - Database [default] connected at jdbc:mysql://localhost:3306/playproject
2017-06-06 01:43:35,511 [INFO] from play.api.Play in application-akka.actor.default-dispatcher-7 - Application started (Dev)
2017-06-06 01:44:09,628 [INFO] from application in application-akka.actor.default-dispatcher-2 - Shutting down connection pool.
2017-06-06 01:44:09,737 [INFO] from application in application-akka.actor.default-dispatcher-2 - Creating Pool for datasource 'default'
2017-06-06 01:44:09,751 [INFO] from play.api.db.DefaultDBApi in application-akka.actor.default-dispatcher-2 - Database [default] connected at jdbc:mysql://localhost:3306/playproject
2017-06-06 01:44:09,970 [INFO] from play.api.Play in application-akka.actor.default-dispatcher-2 - Application started (Dev)
2017-06-06 01:45:42,765 [INFO] from application in application-akka.actor.default-dispatcher-6 - Shutting down connection pool.
2017-06-06 01:45:42,879 [INFO] from application in application-akka.actor.default-dispatcher-6 - Creating Pool for datasource 'default'
2017-06-06 01:45:42,892 [INFO] from play.api.db.DefaultDBApi in application-akka.actor.default-dispatcher-6 - Database [default] connected at jdbc:mysql://localhost:3306/playproject
2017-06-06 01:45:43,064 [INFO] from play.api.Play in application-akka.actor.default-dispatcher-6 - Application started (Dev)
2017-06-06 01:46:09,723 [INFO] from application in application-akka.actor.default-dispatcher-2 - Shutting down connection pool.
2017-06-06 01:46:09,802 [INFO] from application in application-akka.actor.default-dispatcher-2 - Creating Pool for datasource 'default'
2017-06-06 01:46:09,810 [INFO] from play.api.db.DefaultDBApi in application-akka.actor.default-dispatcher-2 - Database [default] connected at jdbc:mysql://localhost:3306/playproject
2017-06-06 01:46:09,991 [INFO] from play.api.Play in application-akka.actor.default-dispatcher-2 - Application started (Dev)
2017-06-06 01:49:15,517 [INFO] from application in application-akka.actor.default-dispatcher-72 - Shutting down connection pool.
2017-06-06 01:49:15,593 [INFO] from application in application-akka.actor.default-dispatcher-72 - Creating Pool for datasource 'default'
2017-06-06 01:49:15,602 [INFO] from play.api.db.DefaultDBApi in application-akka.actor.default-dispatcher-72 - Database [default] connected at jdbc:mysql://localhost:3306/playproject
2017-06-06 01:49:15,774 [INFO] from play.api.Play in application-akka.actor.default-dispatcher-72 - Application started (Dev)
2017-06-06 01:50:18,170 [INFO] from application in application-akka.actor.default-dispatcher-3 - Shutting down connection pool.
2017-06-06 01:50:18,249 [INFO] from application in application-akka.actor.default-dispatcher-3 - Creating Pool for datasource 'default'
2017-06-06 01:50:18,258 [INFO] from play.api.db.DefaultDBApi in application-akka.actor.default-dispatcher-3 - Database [default] connected at jdbc:mysql://localhost:3306/playproject
2017-06-06 01:50:18,444 [INFO] from play.api.Play in application-akka.actor.default-dispatcher-3 - Application started (Dev)
2017-06-06 01:52:38,335 [INFO] from application in pool-4-thread-1 - Shutting down connection pool.
